{
  "RSpec": {
    "coverage": {
      "/mnt/c/Users/aduri/Desktop/se-working-dir/EventNXT/EventNXT_new_app/app/models/user.rb": {
        "lines": [
          1,
          null,
          null,
          1,
          null,
          null,
          null,
          null,
          null,
          null,
          null,
          1,
          null,
          null,
          null,
          null,
          null,
          1,
          1,
          null,
          null,
          null,
          null
        ]
      },
      "/mnt/c/Users/aduri/Desktop/se-working-dir/EventNXT/EventNXT_new_app/app/models/application_record.rb": {
        "lines": [
          1,
          1,
          null
        ]
      },
      "/mnt/c/Users/aduri/Desktop/se-working-dir/EventNXT/EventNXT_new_app/app/helpers/application_helper.rb": {
        "lines": [
          1,
          null
        ]
      },
      "/mnt/c/Users/aduri/Desktop/se-working-dir/EventNXT/EventNXT_new_app/app/helpers/email_services_helper.rb": {
        "lines": [
          1,
          null
        ]
      },
      "/mnt/c/Users/aduri/Desktop/se-working-dir/EventNXT/EventNXT_new_app/app/helpers/events_helper.rb": {
        "lines": [
          1,
          null
        ]
      },
      "/mnt/c/Users/aduri/Desktop/se-working-dir/EventNXT/EventNXT_new_app/app/helpers/guests_helper.rb": {
        "lines": [
          1,
          null
        ]
      },
      "/mnt/c/Users/aduri/Desktop/se-working-dir/EventNXT/EventNXT_new_app/app/helpers/home_helper.rb": {
        "lines": [
          1,
          null
        ]
      },
      "/mnt/c/Users/aduri/Desktop/se-working-dir/EventNXT/EventNXT_new_app/app/helpers/remember_me_helper.rb": {
        "lines": [
          1,
          null
        ]
      },
      "/mnt/c/Users/aduri/Desktop/se-working-dir/EventNXT/EventNXT_new_app/app/helpers/seats_helper.rb": {
        "lines": [
          1,
          null
        ]
      },
      "/mnt/c/Users/aduri/Desktop/se-working-dir/EventNXT/EventNXT_new_app/app/channels/application_cable/channel.rb": {
        "lines": [
          1,
          1,
          null,
          null
        ]
      },
      "/mnt/c/Users/aduri/Desktop/se-working-dir/EventNXT/EventNXT_new_app/app/channels/application_cable/connection.rb": {
        "lines": [
          1,
          1,
          null,
          null
        ]
      },
      "/mnt/c/Users/aduri/Desktop/se-working-dir/EventNXT/EventNXT_new_app/app/controllers/email_services_controller.rb": {
        "lines": [
          1,
          1,
          null,
          null,
          null,
          null,
          1,
          0,
          0,
          0,
          null,
          null,
          null,
          0,
          0,
          0,
          0,
          0,
          0,
          null,
          null,
          null,
          null,
          null,
          1,
          null,
          1,
          null,
          null,
          null,
          null,
          1,
          1,
          null,
          null,
          null,
          null,
          1,
          null,
          null,
          1,
          null,
          null,
          1,
          null,
          null,
          null,
          1,
          1,
          null,
          null,
          null,
          1,
          null,
          null,
          null,
          null,
          1,
          null,
          null,
          null,
          1,
          3,
          null,
          3,
          3,
          6,
          3,
          null,
          0,
          0,
          null,
          null,
          null,
          null,
          null,
          1,
          3,
          3,
          6,
          3,
          null,
          0,
          0,
          null,
          null,
          null,
          null,
          null,
          1,
          1,
          null,
          1,
          2,
          1,
          null,
          null,
          null,
          1,
          2,
          2,
          null,
          2,
          2,
          1,
          null,
          1,
          null,
          null,
          null,
          null,
          1,
          null,
          null,
          null,
          null,
          null,
          null,
          null,
          0,
          0,
          0,
          0,
          null,
          0,
          0,
          null,
          null,
          null,
          null,
          1,
          null,
          1,
          6,
          null,
          null,
          null,
          1,
          null,
          null,
          null,
          6,
          null,
          null,
          null,
          null
        ]
      },
      "/mnt/c/Users/aduri/Desktop/se-working-dir/EventNXT/EventNXT_new_app/app/controllers/application_controller.rb": {
        "lines": [
          1,
          null,
          null,
          null,
          1,
          null,
          null,
          1,
          null,
          null,
          null,
          null,
          null,
          null,
          null,
          null,
          null,
          null,
          null,
          null,
          null,
          null,
          null,
          null,
          null,
          null
        ]
      },
      "/mnt/c/Users/aduri/Desktop/se-working-dir/EventNXT/EventNXT_new_app/app/controllers/events_controller.rb": {
        "lines": [
          1,
          null,
          1,
          null,
          null,
          1,
          1,
          null,
          null,
          null,
          1,
          null,
          null,
          3,
          3,
          0,
          null,
          0,
          null,
          0,
          0,
          null,
          0,
          0,
          0,
          null,
          null,
          3,
          3,
          null,
          null,
          null,
          null,
          null,
          1,
          1,
          null,
          null,
          null,
          1,
          null,
          null,
          null,
          1,
          3,
          null,
          3,
          3,
          6,
          3,
          null,
          0,
          0,
          null,
          null,
          null,
          null,
          null,
          1,
          3,
          3,
          6,
          3,
          null,
          0,
          0,
          null,
          null,
          null,
          null,
          null,
          1,
          3,
          3,
          6,
          3,
          null,
          null,
          null,
          1,
          null,
          1,
          13,
          null,
          null,
          null,
          1,
          null,
          null,
          null,
          null,
          null,
          null,
          6,
          null,
          null,
          null,
          null
        ]
      },
      "/mnt/c/Users/aduri/Desktop/se-working-dir/EventNXT/EventNXT_new_app/app/controllers/guests_controller.rb": {
        "lines": [
          1,
          null,
          null,
          1,
          null,
          null,
          1,
          null,
          null,
          1,
          null,
          null,
          null,
          null,
          1,
          null,
          null,
          null,
          null,
          1,
          null,
          null,
          null,
          1,
          null,
          null,
          null,
          null,
          2,
          null,
          null,
          null,
          null,
          1,
          null,
          null,
          null,
          1,
          null,
          null,
          null,
          null,
          4,
          null,
          null,
          4,
          4,
          null,
          0,
          0,
          null,
          4,
          2,
          null,
          null,
          null,
          null,
          null,
          1,
          4,
          4,
          null,
          4,
          2,
          null,
          4,
          2,
          null,
          null,
          null,
          null,
          null,
          null,
          1,
          2,
          null,
          2,
          null,
          4,
          2,
          null,
          null,
          null,
          null,
          1,
          null,
          1,
          0,
          null,
          0,
          null,
          0,
          null,
          null,
          0,
          null,
          null,
          null,
          1,
          0,
          null,
          0,
          0,
          0,
          null,
          0,
          0,
          null,
          0,
          0,
          0,
          null,
          0,
          null,
          null,
          0,
          0,
          null,
          null,
          0,
          null,
          null,
          null,
          null,
          null,
          1,
          null,
          null,
          null,
          1,
          18,
          null,
          null,
          null,
          null,
          null,
          null,
          1,
          null,
          null,
          null,
          null,
          12,
          null,
          null,
          null,
          null,
          1,
          8,
          4,
          null,
          null,
          null,
          null,
          null,
          1,
          0,
          0,
          0,
          null,
          0,
          0,
          null,
          0,
          0,
          null,
          null,
          null,
          null,
          null,
          null,
          1,
          0,
          0,
          null,
          0,
          null,
          0,
          0,
          null,
          null,
          null,
          null,
          1,
          null,
          1,
          0,
          null,
          0,
          null,
          0,
          null,
          null,
          0,
          null,
          null,
          null,
          1,
          0,
          null,
          0,
          0,
          0,
          null,
          0,
          0,
          null,
          0,
          0,
          0,
          null,
          0,
          null,
          null,
          0,
          0,
          null,
          null,
          0,
          null,
          null,
          null,
          null,
          null,
          1,
          null,
          null,
          null,
          1,
          7,
          null,
          null,
          null,
          null,
          null,
          null,
          1,
          null,
          null,
          null,
          null,
          1,
          null,
          null,
          null,
          null,
          1,
          4,
          null,
          null
        ]
      },
      "/mnt/c/Users/aduri/Desktop/se-working-dir/EventNXT/EventNXT_new_app/app/controllers/home_controller.rb": {
        "lines": [
          1,
          1,
          1,
          null,
          null
        ]
      },
      "/mnt/c/Users/aduri/Desktop/se-working-dir/EventNXT/EventNXT_new_app/app/controllers/remember_me_controller.rb": {
        "lines": [
          1,
          1,
          2,
          2,
          2,
          null,
          0,
          null,
          null,
          null
        ]
      },
      "/mnt/c/Users/aduri/Desktop/se-working-dir/EventNXT/EventNXT_new_app/app/controllers/seats_controller.rb": {
        "lines": [
          1,
          null,
          null,
          1,
          null,
          null,
          null,
          1,
          null,
          null,
          1,
          null,
          null,
          null,
          null,
          2,
          null,
          null,
          null,
          null,
          1,
          null,
          null,
          null,
          1,
          null,
          null,
          null,
          null,
          2,
          null,
          null,
          null,
          null,
          1,
          null,
          null,
          null,
          1,
          null,
          null,
          null,
          null,
          null,
          4,
          null,
          null,
          4,
          4,
          null,
          4,
          2,
          null,
          null,
          null,
          4,
          2,
          null,
          null,
          null,
          null,
          null,
          1,
          4,
          4,
          null,
          4,
          2,
          null,
          4,
          2,
          null,
          null,
          null,
          null,
          null,
          1,
          2,
          null,
          2,
          null,
          4,
          2,
          null,
          null,
          null,
          1,
          null,
          null,
          null,
          1,
          20,
          null,
          null,
          null,
          null,
          null,
          null,
          1,
          null,
          null,
          null,
          null,
          12,
          null,
          null,
          null,
          null,
          1,
          8,
          null,
          null
        ]
      },
      "/mnt/c/Users/aduri/Desktop/se-working-dir/EventNXT/EventNXT_new_app/app/jobs/application_job.rb": {
        "lines": [
          1,
          null,
          null,
          null,
          null,
          null,
          null
        ]
      },
      "/mnt/c/Users/aduri/Desktop/se-working-dir/EventNXT/EventNXT_new_app/app/mailers/application_mailer.rb": {
        "lines": [
          1,
          null,
          null,
          1,
          null,
          null,
          null,
          1,
          null,
          null,
          null,
          null,
          1,
          null,
          1,
          1,
          1,
          null,
          1,
          2,
          null,
          null,
          null,
          null,
          null,
          null
        ]
      },
      "/mnt/c/Users/aduri/Desktop/se-working-dir/EventNXT/EventNXT_new_app/app/models/email_service.rb": {
        "lines": [
          1,
          null,
          null,
          1,
          1,
          null
        ]
      },
      "/mnt/c/Users/aduri/Desktop/se-working-dir/EventNXT/EventNXT_new_app/app/models/email_template.rb": {
        "lines": [
          1,
          null,
          1,
          1,
          null
        ]
      },
      "/mnt/c/Users/aduri/Desktop/se-working-dir/EventNXT/EventNXT_new_app/app/models/event.rb": {
        "lines": [
          1,
          1,
          1,
          1,
          null,
          null,
          1,
          1,
          null,
          null
        ]
      },
      "/mnt/c/Users/aduri/Desktop/se-working-dir/EventNXT/EventNXT_new_app/app/uploaders/avatar_uploader.rb": {
        "lines": [
          1,
          null,
          null,
          1,
          null,
          null,
          1,
          null,
          null,
          null,
          null,
          1,
          4,
          null,
          null,
          null,
          null,
          null,
          null,
          null,
          null,
          null,
          null,
          null,
          null,
          null,
          null,
          null,
          null,
          null,
          null,
          null,
          null,
          null,
          null,
          null,
          null,
          1,
          3,
          null,
          null,
          null,
          null,
          null,
          null,
          null,
          null
        ]
      },
      "/mnt/c/Users/aduri/Desktop/se-working-dir/EventNXT/EventNXT_new_app/app/uploaders/spreadsheet_uploader.rb": {
        "lines": [
          1,
          null,
          null,
          null,
          null,
          null,
          1,
          null,
          null,
          null,
          null,
          1,
          3,
          null,
          null,
          null,
          null,
          null,
          null,
          null,
          null,
          null,
          null,
          null,
          null,
          null,
          null,
          null,
          null,
          null,
          null,
          null,
          null,
          null,
          null,
          null,
          null,
          null,
          null,
          null,
          null,
          null,
          null,
          null,
          null,
          null,
          null
        ]
      },
      "/mnt/c/Users/aduri/Desktop/se-working-dir/EventNXT/EventNXT_new_app/app/models/guest.rb": {
        "lines": [
          1,
          1,
          null,
          1,
          null,
          null,
          null,
          1,
          1,
          1,
          1,
          1,
          1,
          1,
          1,
          1,
          null,
          null,
          1,
          null,
          1,
          16,
          null,
          null
        ]
      },
      "/mnt/c/Users/aduri/Desktop/se-working-dir/EventNXT/EventNXT_new_app/app/models/seat.rb": {
        "lines": [
          1,
          1,
          null,
          null,
          null,
          null,
          1,
          1,
          null,
          null
        ]
      }
    },
    "timestamp": 1700344878
  }
}
